<?xml version="1.0" encoding="UTF-8"?>
<!-- Generated by org.testng.reporters.JUnitReportReporter -->
<testsuite hostname="LAPTOP-SB7RE8KB" failures="0" tests="3" name="com.testng.dataprovider.CreateContact_DP_test" time="0.021" errors="0" timestamp="2025-05-28T18:26:04 IST" skipped="0">
  <testcase classname="com.testng.dataprovider.CreateContact_DP_test" name="createContactTest" time="0.001"/>
  <system-out/>
  <testcase classname="com.testng.dataprovider.CreateContact_DP_test" name="createContactTest" time="0.019"/>
  <system-out/>
  <testcase classname="com.testng.dataprovider.CreateContact_DP_test" name="createContactTest" time="0.001"/>
  <system-out/>
</testsuite> <!-- com.testng.dataprovider.CreateContact_DP_test -->
