<?xml version="1.0" encoding="UTF-8"?>
<!-- Generated by org.testng.reporters.JUnitReportReporter -->
<testsuite hostname="LAPTOP-SB7RE8KB" failures="0" tests="3" name="com.pom.org.Create_All_Organization_BaseClass_Test" time="36.841" errors="0" timestamp="2025-05-30T12:35:41 IST" skipped="0">
  <testcase classname="com.pom.org.Create_All_Organization_BaseClass_Test" name="createOrganizationWithPhoneNumberTest" time="10.357"/>
  <system-out/>
  <testcase classname="com.pom.org.Create_All_Organization_BaseClass_Test" name="createContactTest" time="16.573"/>
  <system-out/>
  <testcase classname="com.pom.org.Create_All_Organization_BaseClass_Test" name="createOrganizationWithIndustriesTest" time="9.911"/>
  <system-out/>
</testsuite> <!-- com.pom.org.Create_All_Organization_BaseClass_Test -->
