<?xml version="1.0" encoding="UTF-8"?>
<!-- Generated by org.testng.reporters.JUnitReportReporter -->
<testsuite hostname="LAPTOP-SB7RE8KB" failures="0" tests="3" name="com.pom.contact.Create_All_Contact_BaseClass_Test" time="41.241" errors="0" timestamp="2025-05-30T12:32:22 IST" skipped="0">
  <testcase classname="com.pom.contact.Create_All_Contact_BaseClass_Test" name="createContactWithOrganisationIntegration" time="14.836"/>
  <system-out/>
  <testcase classname="com.pom.contact.Create_All_Contact_BaseClass_Test" name="createContactTest" time="17.911"/>
  <system-out/>
  <testcase classname="com.pom.contact.Create_All_Contact_BaseClass_Test" name="createContactWithSupportDate" time="8.494"/>
  <system-out/>
</testsuite> <!-- com.pom.contact.Create_All_Contact_BaseClass_Test -->
