<?xml version="1.0" encoding="UTF-8"?>
<!-- Generated by org.testng.reporters.JUnitReportReporter -->
<testsuite hostname="LAPTOP-SB7RE8KB" failures="0" tests="3" name="com.pom.contact.Create_POM_Contact_Test2" time="23.389" errors="0" timestamp="2025-05-29T12:13:53 IST" skipped="0">
  <testcase classname="com.pom.contact.Create_POM_Contact_Test2" name="createContactWithOrganisationIntegration" time="9.962"/>
  <system-out/>
  <testcase classname="com.pom.contact.Create_POM_Contact_Test2" name="createContactTest" time="7.622"/>
  <system-out/>
  <testcase classname="com.pom.contact.Create_POM_Contact_Test2" name="createContactWithSupportDate" time="5.805"/>
  <system-out/>
</testsuite> <!-- com.pom.contact.Create_POM_Contact_Test2 -->
