<?xml version="1.0" encoding="UTF-8"?>
<!-- Generated by org.testng.reporters.JUnitReportReporter -->
<testsuite hostname="LAPTOP-SB7RE8KB" failures="0" tests="1" name="com.pom.contact.CreatePOM_Contact_With_Support_Date_Test2" time="13.344" errors="0" timestamp="2025-05-29T11:00:58 IST" skipped="0">
  <testcase classname="com.pom.contact.CreatePOM_Contact_With_Support_Date_Test2" name="createContactTestWithSupportDate" time="13.344"/>
  <system-out/>
</testsuite> <!-- com.pom.contact.CreatePOM_Contact_With_Support_Date_Test2 -->
