<?xml version="1.0" encoding="UTF-8"?>
<!-- Generated by org.testng.reporters.JUnitXMLReporter -->
<testsuite ignored="0" hostname="LAPTOP-SB7RE8KB" failures="0" tests="3" name="Test-2" time="35.877" errors="0" timestamp="2025-05-30T12:32:11 IST">
  <testcase classname="com.pom.org.Create_All_Organization_BaseClass_Test" name="createContactTest" time="7.49"/>
  <testcase classname="com.pom.org.Create_All_Organization_BaseClass_Test" name="createOrganizationWithIndustriesTest" time="4.683"/>
  <testcase classname="com.pom.org.Create_All_Organization_BaseClass_Test" name="createOrganizationWithPhoneNumberTest" time="9.629"/>
</testsuite> <!-- Test-2 -->
