<?xml version="1.0" encoding="UTF-8"?>
<!-- Generated by org.testng.reporters.JUnitReportReporter -->
<testsuite hostname="LAPTOP-SB7RE8KB" failures="0" tests="1" name="screenshotusingeventfiring.SampleTCForScreenShotTest" time="10.696" errors="0" timestamp="2025-06-02T12:18:19 IST" skipped="0">
  <testcase classname="screenshotusingeventfiring.SampleTCForScreenShotTest" name="amazonTest" time="10.696"/>
  <system-out/>
</testsuite> <!-- screenshotusingeventfiring.SampleTCForScreenShotTest -->
