<?xml version="1.0" encoding="UTF-8"?>
<!-- Generated by org.testng.reporters.JUnitReportReporter -->
<testsuite hostname="LAPTOP-SB7RE8KB" failures="0" tests="1" name="cmd.ReadRntimeMavenParameterTest" time="0.005" errors="0" timestamp="2025-05-15T16:19:48 IST" skipped="0">
  <testcase classname="cmd.ReadRntimeMavenParameterTest" name="runtimeParameterTest" time="0.005"/>
  <system-out/>
</testsuite> <!-- cmd.ReadRntimeMavenParameterTest -->
