<?xml version="1.0" encoding="UTF-8"?>
<!-- Generated by org.testng.reporters.JUnitXMLReporter -->
<testsuite ignored="0" hostname="LAPTOP-SB7RE8KB" failures="0" tests="3" name="Test-1" time="45.945" errors="0" timestamp="2025-05-30T12:32:21 IST">
  <testcase classname="com.pom.contact.Create_All_Contact_BaseClass_Test" name="createContactTest" time="13.545"/>
  <testcase classname="com.pom.contact.Create_All_Contact_BaseClass_Test" name="createContactWithOrganisationIntegration" time="13.198"/>
  <testcase classname="com.pom.contact.Create_All_Contact_BaseClass_Test" name="createContactWithSupportDate" time="4.86"/>
</testsuite> <!-- Test-1 -->
