<?xml version="1.0" encoding="UTF-8"?>
<!-- Generated by org.testng.reporters.JUnitReportReporter -->
<testsuite hostname="LAPTOP-SB7RE8KB" failures="0" tests="3" name="com.testng.dataprovider.SampleTest" time="0.033" errors="0" timestamp="2025-06-07T14:27:05 IST" skipped="0">
  <testcase classname="com.testng.dataprovider.SampleTest" name="createContactTest" time="0.003"/>
  <system-out/>
  <testcase classname="com.testng.dataprovider.SampleTest" name="createContactTest" time="0.026"/>
  <system-out/>
  <testcase classname="com.testng.dataprovider.SampleTest" name="createContactTest" time="0.004"/>
  <system-out/>
</testsuite> <!-- com.testng.dataprovider.SampleTest -->
