<?xml version="1.0" encoding="UTF-8"?>
<!-- Generated by org.testng.reporters.JUnitReportReporter -->
<testsuite hostname="LAPTOP-SB7RE8KB" failures="0" tests="1" name="practise.pom.respository.SampleTestWith_POMTest" time="5.412" errors="0" timestamp="2025-05-23T13:10:52 IST" skipped="0">
  <testcase classname="practise.pom.respository.SampleTestWith_POMTest" name="sampleTest" time="5.412"/>
  <system-out/>
</testsuite> <!-- practise.pom.respository.SampleTestWith_POMTest -->
