<?xml version="1.0" encoding="UTF-8"?>
<!-- Generated by org.testng.reporters.JUnitReportReporter -->
<testsuite hostname="LAPTOP-SB7RE8KB" failures="0" tests="3" name="com.pom.products.Create_All_Products_BaseClass_Test" time="24.821" errors="0" timestamp="2025-06-03T16:34:21 IST" skipped="0">
  <testcase classname="com.pom.products.Create_All_Products_BaseClass_Test" name="createProductTest" time="6.663"/>
  <system-out>
    <![CDATA[==================createProductTest===START==
==================createProductTest==End===]]>
  </system-out>
  <testcase classname="com.pom.products.Create_All_Products_BaseClass_Test" name="createProductWithCategoryTest" time="5.869"/>
  <system-out>
    <![CDATA[==================createProductWithCategoryTest===START==
==================createProductWithCategoryTest==End===]]>
  </system-out>
  <testcase classname="com.pom.products.Create_All_Products_BaseClass_Test" name="createProductWithDatesTest" time="12.289"/>
  <system-out>
    <![CDATA[==================createProductWithDatesTest===START==
==================createProductWithDatesTest==End===]]>
  </system-out>
</testsuite> <!-- com.pom.products.Create_All_Products_BaseClass_Test -->
