<?xml version="1.0" encoding="UTF-8"?>
<!-- Generated by org.testng.reporters.JUnitReportReporter -->
<testsuite hostname="LAPTOP-SB7RE8KB" failures="0" tests="1" name="extendreportprac.Sample22ReportTest2" time="3.682" errors="0" timestamp="2025-06-03T15:37:32 IST" skipped="0">
  <testcase classname="extendreportprac.Sample22ReportTest2" name="createContactTest" time="3.682"/>
  <system-out/>
</testsuite> <!-- extendreportprac.Sample22ReportTest2 -->
