<?xml version="1.0" encoding="UTF-8"?>
<!-- Generated by org.testng.reporters.JUnitReportReporter -->
<testsuite hostname="LAPTOP-SB7RE8KB" failures="0" tests="3" name="extendreportprac.SampleReportTest" time="0.023" errors="0" timestamp="2025-06-03T15:17:15 IST" skipped="0">
  <testcase classname="extendreportprac.SampleReportTest" name="createContactTest" time="0.018"/>
  <system-out/>
  <testcase classname="extendreportprac.SampleReportTest" name="createContactWithPhoneNumberTest" time="0.003"/>
  <system-out/>
  <testcase classname="extendreportprac.SampleReportTest" name="createContactWithOrgTest" time="0.002"/>
  <system-out/>
</testsuite> <!-- extendreportprac.SampleReportTest -->
